2023-01-06 19:04:12 INFO log.py: Yasb - Yet Another Status Bar
2023-01-06 19:04:12 INFO bar_manager.py: Starting KomorebiEventListener...
2023-01-06 19:04:13 INFO event_listener.py: Created named pipe yasb-86b15bb7-8dec-11ed-a783-00155d7ac417
2023-01-06 19:04:13 INFO event_listener.py: Waiting for Komorebi to subscribe to named pipe yasb-86b15bb7-8dec-11ed-a783-00155d7ac417
2023-01-06 19:04:13 INFO watcher.py: Created file watcher for path C:\Users\Sophie\.yasb
2023-01-06 19:04:13 INFO event_listener.py: Komorebi connected to named pipe: yasb-86b15bb7-8dec-11ed-a783-00155d7ac417
2023-01-06 19:04:23 INFO bar_manager.py: Stopping KomorebiEventListener...
2023-01-06 19:04:23 INFO bar_manager.py: Starting KomorebiEventListener...
2023-01-06 19:04:23 INFO bar_manager.py: Successfully loaded updated config and re-initialised all bars.
2023-01-06 19:04:23 INFO event_listener.py: Created named pipe yasb-8d3f0903-8dec-11ed-9bb6-00155d7ac417
2023-01-06 19:04:23 INFO event_listener.py: Waiting for Komorebi to subscribe to named pipe yasb-8d3f0903-8dec-11ed-9bb6-00155d7ac417
2023-01-06 19:04:24 INFO event_listener.py: Komorebi connected to named pipe: yasb-8d3f0903-8dec-11ed-9bb6-00155d7ac417
2023-01-06 19:04:37 INFO bar_manager.py: Stopping KomorebiEventListener...
2023-01-06 19:04:37 INFO bar_manager.py: Starting KomorebiEventListener...
2023-01-06 19:04:37 INFO bar_manager.py: Successfully loaded updated config and re-initialised all bars.
2023-01-06 19:04:37 INFO event_listener.py: Created named pipe yasb-95717cc9-8dec-11ed-a768-00155d7ac417
2023-01-06 19:04:37 INFO event_listener.py: Waiting for Komorebi to subscribe to named pipe yasb-95717cc9-8dec-11ed-a768-00155d7ac417
2023-01-06 19:04:37 INFO event_listener.py: Komorebi connected to named pipe: yasb-95717cc9-8dec-11ed-a768-00155d7ac417
2023-01-06 19:04:43 INFO bar_manager.py: Stopping KomorebiEventListener...
2023-01-06 19:04:43 INFO bar_manager.py: Starting KomorebiEventListener...
2023-01-06 19:04:43 INFO bar_manager.py: Successfully loaded updated config and re-initialised all bars.
2023-01-06 19:04:43 INFO event_listener.py: Created named pipe yasb-98ba40f4-8dec-11ed-878e-00155d7ac417
2023-01-06 19:04:43 INFO event_listener.py: Waiting for Komorebi to subscribe to named pipe yasb-98ba40f4-8dec-11ed-878e-00155d7ac417
2023-01-06 19:04:43 INFO event_listener.py: Komorebi connected to named pipe: yasb-98ba40f4-8dec-11ed-878e-00155d7ac417
2023-01-06 19:04:47 INFO bar_manager.py: Stopping KomorebiEventListener...
2023-01-06 19:04:47 INFO bar_manager.py: Starting KomorebiEventListener...
2023-01-06 19:04:47 INFO bar_manager.py: Successfully loaded updated config and re-initialised all bars.
2023-01-06 19:04:47 INFO event_listener.py: Created named pipe yasb-9b8898af-8dec-11ed-b172-00155d7ac417
2023-01-06 19:04:47 INFO event_listener.py: Waiting for Komorebi to subscribe to named pipe yasb-9b8898af-8dec-11ed-b172-00155d7ac417
2023-01-06 19:04:48 INFO event_listener.py: Komorebi connected to named pipe: yasb-9b8898af-8dec-11ed-b172-00155d7ac417
2023-01-06 19:04:48 ERROR event_listener.py: Failed to retrieve komorebi state before starting event listener: None returned. Retrying in 1 second... Is komorebi online and its binaries added to $PATH?
2023-01-06 19:04:49 ERROR event_listener.py: Failed to retrieve komorebi state before starting event listener: None returned. Retrying in 1 second... Is komorebi online and its binaries added to $PATH?
2023-01-06 19:04:50 ERROR event_listener.py: Failed to retrieve komorebi state before starting event listener: None returned. Retrying in 1 second... Is komorebi online and its binaries added to $PATH?
2023-01-06 19:04:56 INFO bar_manager.py: Stopping KomorebiEventListener...
2023-01-06 19:04:56 INFO bar_manager.py: Starting KomorebiEventListener...
2023-01-06 19:04:56 INFO bar_manager.py: Successfully loaded updated config and re-initialised all bars.
2023-01-06 19:04:56 INFO event_listener.py: Created named pipe yasb-a0d94b46-8dec-11ed-b4de-00155d7ac417
2023-01-06 19:04:56 INFO event_listener.py: Waiting for Komorebi to subscribe to named pipe yasb-a0d94b46-8dec-11ed-b4de-00155d7ac417
2023-01-06 19:04:56 INFO event_listener.py: Komorebi connected to named pipe: yasb-a0d94b46-8dec-11ed-b4de-00155d7ac417
2023-01-06 19:05:19 INFO bar_manager.py: Stopping KomorebiEventListener...
2023-01-06 19:05:19 INFO bar_manager.py: Starting KomorebiEventListener...
2023-01-06 19:05:19 INFO bar_manager.py: Successfully loaded updated config and re-initialised all bars.
2023-01-06 19:05:19 INFO event_listener.py: Created named pipe yasb-ae414a82-8dec-11ed-8750-00155d7ac417
2023-01-06 19:05:19 INFO event_listener.py: Waiting for Komorebi to subscribe to named pipe yasb-ae414a82-8dec-11ed-8750-00155d7ac417
2023-01-06 19:05:19 INFO event_listener.py: Komorebi connected to named pipe: yasb-ae414a82-8dec-11ed-8750-00155d7ac417
2023-01-06 19:05:31 INFO bar_manager.py: Stopping KomorebiEventListener...
2023-01-06 19:05:31 INFO bar_manager.py: Starting KomorebiEventListener...
2023-01-06 19:05:31 INFO bar_manager.py: Successfully loaded updated config and re-initialised all bars.
2023-01-06 19:05:31 INFO event_listener.py: Created named pipe yasb-b5a80023-8dec-11ed-8457-00155d7ac417
2023-01-06 19:05:31 INFO event_listener.py: Waiting for Komorebi to subscribe to named pipe yasb-b5a80023-8dec-11ed-8457-00155d7ac417
2023-01-06 19:05:31 INFO event_listener.py: Komorebi connected to named pipe: yasb-b5a80023-8dec-11ed-8457-00155d7ac417
2023-01-06 19:06:04 INFO bar_manager.py: Stopping KomorebiEventListener...
2023-01-06 19:06:04 INFO bar_manager.py: Starting KomorebiEventListener...
2023-01-06 19:06:04 INFO bar_manager.py: Successfully loaded updated config and re-initialised all bars.
2023-01-06 19:06:04 INFO event_listener.py: Created named pipe yasb-c94e404b-8dec-11ed-aaf2-00155d7ac417
2023-01-06 19:06:04 INFO event_listener.py: Waiting for Komorebi to subscribe to named pipe yasb-c94e404b-8dec-11ed-aaf2-00155d7ac417
2023-01-06 19:06:04 INFO event_listener.py: Komorebi connected to named pipe: yasb-c94e404b-8dec-11ed-aaf2-00155d7ac417
2023-01-06 19:06:11 INFO bar_manager.py: Stopping KomorebiEventListener...
2023-01-06 19:06:11 INFO bar_manager.py: Starting KomorebiEventListener...
2023-01-06 19:06:11 INFO bar_manager.py: Successfully loaded updated config and re-initialised all bars.
2023-01-06 19:06:11 INFO event_listener.py: Created named pipe yasb-cd9f1a8f-8dec-11ed-b9c5-00155d7ac417
2023-01-06 19:06:11 INFO event_listener.py: Waiting for Komorebi to subscribe to named pipe yasb-cd9f1a8f-8dec-11ed-b9c5-00155d7ac417
2023-01-06 19:06:12 INFO event_listener.py: Komorebi connected to named pipe: yasb-cd9f1a8f-8dec-11ed-b9c5-00155d7ac417
2023-01-06 19:06:38 INFO bar_manager.py: Stopping KomorebiEventListener...
2023-01-06 19:06:38 INFO bar_manager.py: Starting KomorebiEventListener...
2023-01-06 19:06:38 INFO bar_manager.py: Successfully loaded updated config and re-initialised all bars.
2023-01-06 19:06:38 INFO event_listener.py: Created named pipe yasb-dda7cc9f-8dec-11ed-8a64-00155d7ac417
2023-01-06 19:06:38 INFO event_listener.py: Waiting for Komorebi to subscribe to named pipe yasb-dda7cc9f-8dec-11ed-8a64-00155d7ac417
2023-01-06 19:06:38 INFO event_listener.py: Komorebi connected to named pipe: yasb-dda7cc9f-8dec-11ed-8a64-00155d7ac417
2023-01-06 19:10:04 INFO bar_manager.py: Stopping KomorebiEventListener...
2023-01-06 19:10:04 INFO bar_manager.py: Starting KomorebiEventListener...
2023-01-06 19:10:04 INFO bar_manager.py: Successfully loaded updated config and re-initialised all bars.
2023-01-06 19:10:04 INFO event_listener.py: Created named pipe yasb-57fad84c-8ded-11ed-9259-00155d7ac417
2023-01-06 19:10:04 INFO event_listener.py: Waiting for Komorebi to subscribe to named pipe yasb-57fad84c-8ded-11ed-9259-00155d7ac417
2023-01-06 19:10:04 INFO event_listener.py: Komorebi connected to named pipe: yasb-57fad84c-8ded-11ed-9259-00155d7ac417
2023-01-06 19:17:24 INFO bar_manager.py: Stopping KomorebiEventListener...
2023-01-06 19:17:24 INFO bar_manager.py: Starting KomorebiEventListener...
2023-01-06 19:17:24 INFO bar_manager.py: Successfully loaded updated config and re-initialised all bars.
2023-01-06 19:17:24 INFO event_listener.py: Created named pipe yasb-5eb8ea57-8dee-11ed-9dfd-00155d7ac417
2023-01-06 19:17:24 INFO event_listener.py: Waiting for Komorebi to subscribe to named pipe yasb-5eb8ea57-8dee-11ed-9dfd-00155d7ac417
2023-01-06 19:17:24 INFO event_listener.py: Komorebi connected to named pipe: yasb-5eb8ea57-8dee-11ed-9dfd-00155d7ac417
